<?xml version="1.0" encoding="UTF-8" ?>
<testsuite tests="6" failures="0" name="br.masmangan.beecrowd.bee1142.RunCucumberTest" time="0.412" errors="3" skipped="0">
  <properties>
[...]
</properties>
  <testcase classname="Pum" name="Generate a PUM example like BeeCrowd 1142 #1" time="0.335">
    <error message="The step &apos;result should be 1 2 3 PUM&apos; is undefined.
You can implement this step using the snippet(s) below:

@Then(&quot;result should be {int} {int} {int} PUM&quot;)
public void result_should_be_pum(Integer int1, Integer int2, Integer int3) {
    // Write code here that turns the phrase above into concrete actions
    throw new io.cucumber.java.PendingException();
}
" type="io.cucumber.junit.UndefinedStepException">io.cucumber.junit.UndefinedStepException: The step &apos;result should be 1 2 3 PUM&apos; is undefined.
You can implement this step using the snippet(s) below:

@Then(&quot;result should be {int} {int} {int} PUM&quot;)
public void result_should_be_pum(Integer int1, Integer int2, Integer int3) {
    // Write code here that turns the phrase above into concrete actions
    throw new io.cucumber.java.PendingException();
}

</error>
    <system-out>
@domain
Scenario Outline: Generate a PUM example like BeeCrowd 1142 &amp;#27;[90m# br/masmangan/beecrowd/bee1142/Pum.feature:38&amp;#27;[0m
  &amp;#27;[32mGiven &amp;#27;[0m&amp;#27;[32mA number of output lines &amp;#27;[0m&amp;#27;[32m&amp;#27;[1m1&amp;#27;[0m                          &amp;#27;[90m# br.masmangan.beecrowd.bee1142.PumSteps.number_is(int)&amp;#27;[0m
  &amp;#27;[32mWhen &amp;#27;[0m&amp;#27;[32mPum is calculated&amp;#27;[0m                                    &amp;#27;[90m# br.masmangan.beecrowd.bee1142.PumSteps.pum_is_calculated()&amp;#27;[0m
  &amp;#27;[33mThen &amp;#27;[0m&amp;#27;[33mresult should be 1 2 3 PUM&amp;#27;[0m                           &amp;#27;[90m# null&amp;#27;[0m
</system-out>
  </testcase>
  <testcase classname="Pum" name="Generate a PUM example like BeeCrowd 1142 #2" time="0.022">
    <error message="The step &apos;result should be 1 2 3 PUM 5 6 7 PUM 9 10 11 PUM 13 14 15 PUM 17 18 19 PUM 21 22 23 PUM 25 26 27 PUM&apos; is undefined.
You can implement this step using the snippet(s) below:

@Then(&quot;result should be {int} {int} {int} PUM {int} {int} {int} PUM {int} {int} {int} PUM {int} {int} {int} PUM {int} {int} {int} PUM {int} {int} {int} PUM {int} {int} {int} PUM&quot;)
public void result_should_be_pum_pum_pum_pum_pum_pum_pum(Integer int1, Integer int2, Integer int3, Integer int4, Integer int5, Integer int6, Integer int7, Integer int8, Integer int9, Integer int10, Integer int11, Integer int12, Integer int13, Integer int14, Integer int15, Integer int16, Integer int17, Integer int18, Integer int19, Integer int20, Integer int21) {
    // Write code here that turns the phrase above into concrete actions
    throw new io.cucumber.java.PendingException();
}
" type="io.cucumber.junit.UndefinedStepException">io.cucumber.junit.UndefinedStepException: The step &apos;result should be 1 2 3 PUM 5 6 7 PUM 9 10 11 PUM 13 14 15 PUM 17 18 19 PUM 21 22 23 PUM 25 26 27 PUM&apos; is undefined.
You can implement this step using the snippet(s) below:

@Then(&quot;result should be {int} {int} {int} PUM {int} {int} {int} PUM {int} {int} {int} PUM {int} {int} {int} PUM {int} {int} {int} PUM {int} {int} {int} PUM {int} {int} {int} PUM&quot;)
public void result_should_be_pum_pum_pum_pum_pum_pum_pum(Integer int1, Integer int2, Integer int3, Integer int4, Integer int5, Integer int6, Integer int7, Integer int8, Integer int9, Integer int10, Integer int11, Integer int12, Integer int13, Integer int14, Integer int15, Integer int16, Integer int17, Integer int18, Integer int19, Integer int20, Integer int21) {
    // Write code here that turns the phrase above into concrete actions
    throw new io.cucumber.java.PendingException();
}

</error>
    <system-out>
@domain
Scenario Outline: Generate a PUM example like BeeCrowd 1142                                                 &amp;#27;[90m# br/masmangan/beecrowd/bee1142/Pum.feature:39&amp;#27;[0m
  &amp;#27;[32mGiven &amp;#27;[0m&amp;#27;[32mA number of output lines &amp;#27;[0m&amp;#27;[32m&amp;#27;[1m7&amp;#27;[0m                                                                          &amp;#27;[90m# br.masmangan.beecrowd.bee1142.PumSteps.number_is(int)&amp;#27;[0m
  &amp;#27;[32mWhen &amp;#27;[0m&amp;#27;[32mPum is calculated&amp;#27;[0m                                                                                    &amp;#27;[90m# br.masmangan.beecrowd.bee1142.PumSteps.pum_is_calculated()&amp;#27;[0m
  &amp;#27;[33mThen &amp;#27;[0m&amp;#27;[33mresult should be 1 2 3 PUM 5 6 7 PUM 9 10 11 PUM 13 14 15 PUM 17 18 19 PUM 21 22 23 PUM 25 26 27 PUM&amp;#27;[0m &amp;#27;[90m# null&amp;#27;[0m
</system-out>
  </testcase>
  <testcase classname="Pum" name="Generate a PUM example like BeeCrowd 1142 #3" time="0.015">
    <error message="The step &apos;result should be 1 2 3 PUM 5 6 7 PUM 9 10 11 PUM&apos; is undefined.
You can implement this step using the snippet(s) below:

@Then(&quot;result should be {int} {int} {int} PUM {int} {int} {int} PUM {int} {int} {int} PUM&quot;)
public void result_should_be_pum_pum_pum(Integer int1, Integer int2, Integer int3, Integer int4, Integer int5, Integer int6, Integer int7, Integer int8, Integer int9) {
    // Write code here that turns the phrase above into concrete actions
    throw new io.cucumber.java.PendingException();
}
" type="io.cucumber.junit.UndefinedStepException">io.cucumber.junit.UndefinedStepException: The step &apos;result should be 1 2 3 PUM 5 6 7 PUM 9 10 11 PUM&apos; is undefined.
You can implement this step using the snippet(s) below:

@Then(&quot;result should be {int} {int} {int} PUM {int} {int} {int} PUM {int} {int} {int} PUM&quot;)
public void result_should_be_pum_pum_pum(Integer int1, Integer int2, Integer int3, Integer int4, Integer int5, Integer int6, Integer int7, Integer int8, Integer int9) {
    // Write code here that turns the phrase above into concrete actions
    throw new io.cucumber.java.PendingException();
}

</error>
    <system-out>
@domain
Scenario Outline: Generate a PUM example like BeeCrowd 1142 &amp;#27;[90m# br/masmangan/beecrowd/bee1142/Pum.feature:40&amp;#27;[0m
  &amp;#27;[32mGiven &amp;#27;[0m&amp;#27;[32mA number of output lines &amp;#27;[0m&amp;#27;[32m&amp;#27;[1m3&amp;#27;[0m                          &amp;#27;[90m# br.masmangan.beecrowd.bee1142.PumSteps.number_is(int)&amp;#27;[0m
  &amp;#27;[32mWhen &amp;#27;[0m&amp;#27;[32mPum is calculated&amp;#27;[0m                                    &amp;#27;[90m# br.masmangan.beecrowd.bee1142.PumSteps.pum_is_calculated()&amp;#27;[0m
  &amp;#27;[33mThen &amp;#27;[0m&amp;#27;[33mresult should be 1 2 3 PUM 5 6 7 PUM 9 10 11 PUM&amp;#27;[0m     &amp;#27;[90m# null&amp;#27;[0m
</system-out>
  </testcase>
  <testcase classname="Bee1142 CLI" name="Run program with input #1" time="0.016"/>
  <testcase classname="Bee1142 CLI" name="Run program with input #2" time="0.018"/>
  <testcase classname="Bee1142 CLI" name="Run program with input #3" time="0.006"/>
</testsuite>