<?xml version="1.0" encoding="UTF-8" ?>
<testsuite tests="6" failures="3" name="br.masmangan.beecrowd.bee1007.RunCucumberTest" time="0.628" errors="0" skipped="0">
  <properties>
[...]
</properties>
  <testcase classname="Product" name="calculate average of three numbers #1" time="0.33"/>
  <testcase classname="Product" name="calculate average of three numbers #2" time="0.059"/>
  <testcase classname="Product" name="calculate average of three numbers #3" time="0.109"/>
  <testcase classname="Bee1007 CLI" name="Run program with input #1" time="0.108">
    <failure message="expected:&lt;DIFERENCA = -26[]&gt; but was:&lt;DIFERENCA = -26[
]&gt;" type="org.junit.ComparisonFailure">org.junit.ComparisonFailure: expected:&lt;DIFERENCA = -26[]&gt; but was:&lt;DIFERENCA = -26[
]&gt;
	at org.junit.Assert.assertEquals(Assert.java:117)
	at org.junit.Assert.assertEquals(Assert.java:146)
	at br.masmangan.beecrowd.bee1007.Bee1007Steps.output_should_be(Bee1007Steps.java:49)
	at ✽.output should be(classpath:br/masmangan/beecrowd/bee1007/bee1007.feature:39)
</failure>
    <system-out>
@system
Scenario: Run program with input &amp;#27;[90m# br/masmangan/beecrowd/bee1007/bee1007.feature:29&amp;#27;[0m
  &amp;#27;[32mGiven &amp;#27;[0m&amp;#27;[32minput is&amp;#27;[0m                 &amp;#27;[90m# br.masmangan.beecrowd.bee1007.Bee1007Steps.input_is(java.lang.String)&amp;#27;[0m
  &amp;#27;[32mWhen &amp;#27;[0m&amp;#27;[32mprogram runs&amp;#27;[0m              &amp;#27;[90m# br.masmangan.beecrowd.bee1007.Bee1007Steps.program_runs()&amp;#27;[0m
  &amp;#27;[31mThen &amp;#27;[0m&amp;#27;[31moutput should be&amp;#27;[0m          &amp;#27;[90m# br.masmangan.beecrowd.bee1007.Bee1007Steps.output_should_be(java.lang.String)&amp;#27;[0m
      &amp;#27;[31morg.junit.ComparisonFailure: expected:&lt;DIFERENCA = -26[]&gt; but was:&lt;DIFERENCA = -26[
]&gt;
	at org.junit.Assert.assertEquals(Assert.java:117)
	at org.junit.Assert.assertEquals(Assert.java:146)
	at br.masmangan.beecrowd.bee1007.Bee1007Steps.output_should_be(Bee1007Steps.java:49)
	at âœ½.output should be(classpath:br/masmangan/beecrowd/bee1007/bee1007.feature:39)
&amp;#27;[0m
</system-out>
  </testcase>
  <testcase classname="Bee1007 CLI" name="Run program with input #2" time="0.013">
    <failure message="expected:&lt;DIFERENCA = -56[]&gt; but was:&lt;DIFERENCA = -56[
]&gt;" type="org.junit.ComparisonFailure">org.junit.ComparisonFailure: expected:&lt;DIFERENCA = -56[]&gt; but was:&lt;DIFERENCA = -56[
]&gt;
	at org.junit.Assert.assertEquals(Assert.java:117)
	at org.junit.Assert.assertEquals(Assert.java:146)
	at br.masmangan.beecrowd.bee1007.Bee1007Steps.output_should_be(Bee1007Steps.java:49)
	at ✽.output should be(classpath:br/masmangan/beecrowd/bee1007/bee1007.feature:54)
</failure>
    <system-out>
@system
Scenario: Run program with input &amp;#27;[90m# br/masmangan/beecrowd/bee1007/bee1007.feature:44&amp;#27;[0m
  &amp;#27;[32mGiven &amp;#27;[0m&amp;#27;[32minput is&amp;#27;[0m                 &amp;#27;[90m# br.masmangan.beecrowd.bee1007.Bee1007Steps.input_is(java.lang.String)&amp;#27;[0m
  &amp;#27;[32mWhen &amp;#27;[0m&amp;#27;[32mprogram runs&amp;#27;[0m              &amp;#27;[90m# br.masmangan.beecrowd.bee1007.Bee1007Steps.program_runs()&amp;#27;[0m
  &amp;#27;[31mThen &amp;#27;[0m&amp;#27;[31moutput should be&amp;#27;[0m          &amp;#27;[90m# br.masmangan.beecrowd.bee1007.Bee1007Steps.output_should_be(java.lang.String)&amp;#27;[0m
      &amp;#27;[31morg.junit.ComparisonFailure: expected:&lt;DIFERENCA = -56[]&gt; but was:&lt;DIFERENCA = -56[
]&gt;
	at org.junit.Assert.assertEquals(Assert.java:117)
	at org.junit.Assert.assertEquals(Assert.java:146)
	at br.masmangan.beecrowd.bee1007.Bee1007Steps.output_should_be(Bee1007Steps.java:49)
	at âœ½.output should be(classpath:br/masmangan/beecrowd/bee1007/bee1007.feature:54)
&amp;#27;[0m
</system-out>
  </testcase>
  <testcase classname="Bee1007 CLI" name="Run program with input #3" time="0.009">
    <failure message="expected:&lt;DIFERENCA = 86[]&gt; but was:&lt;DIFERENCA = 86[
]&gt;" type="org.junit.ComparisonFailure">org.junit.ComparisonFailure: expected:&lt;DIFERENCA = 86[]&gt; but was:&lt;DIFERENCA = 86[
]&gt;
	at org.junit.Assert.assertEquals(Assert.java:117)
	at org.junit.Assert.assertEquals(Assert.java:146)
	at br.masmangan.beecrowd.bee1007.Bee1007Steps.output_should_be(Bee1007Steps.java:49)
	at ✽.output should be(classpath:br/masmangan/beecrowd/bee1007/bee1007.feature:69)
</failure>
    <system-out>
@system
Scenario: Run program with input &amp;#27;[90m# br/masmangan/beecrowd/bee1007/bee1007.feature:59&amp;#27;[0m
  &amp;#27;[32mGiven &amp;#27;[0m&amp;#27;[32minput is&amp;#27;[0m                 &amp;#27;[90m# br.masmangan.beecrowd.bee1007.Bee1007Steps.input_is(java.lang.String)&amp;#27;[0m
  &amp;#27;[32mWhen &amp;#27;[0m&amp;#27;[32mprogram runs&amp;#27;[0m              &amp;#27;[90m# br.masmangan.beecrowd.bee1007.Bee1007Steps.program_runs()&amp;#27;[0m
  &amp;#27;[31mThen &amp;#27;[0m&amp;#27;[31moutput should be&amp;#27;[0m          &amp;#27;[90m# br.masmangan.beecrowd.bee1007.Bee1007Steps.output_should_be(java.lang.String)&amp;#27;[0m
      &amp;#27;[31morg.junit.ComparisonFailure: expected:&lt;DIFERENCA = 86[]&gt; but was:&lt;DIFERENCA = 86[
]&gt;
	at org.junit.Assert.assertEquals(Assert.java:117)
	at org.junit.Assert.assertEquals(Assert.java:146)
	at br.masmangan.beecrowd.bee1007.Bee1007Steps.output_should_be(Bee1007Steps.java:49)
	at âœ½.output should be(classpath:br/masmangan/beecrowd/bee1007/bee1007.feature:69)
&amp;#27;[0m
</system-out>
  </testcase>
</testsuite>